<?xml version="1.0" encoding="UTF-8"?>
<!-- Generated by org.testng.reporters.JUnitXMLReporter -->
<testsuite ignored="2" hostname="MSI" failures="0" tests="1" name="Default test" time="3.141" errors="0" timestamp="2025-04-06T12:01:59 IST">
  <testcase classname="com.httpsRequests.HowToCreatePostRequests" name="postRequestUsingPOJO" time="3.116"/>
  <testcase classname="com.httpsRequests.HowToCreatePostRequests" name="postUisngHashmap" time="0.0">
    <ignored/>
  </testcase> <!-- postUisngHashmap -->
  <testcase classname="com.httpsRequests.HowToCreatePostRequests" name="basicPatternforPostCall" time="0.0">
    <ignored/>
  </testcase> <!-- basicPatternforPostCall -->
</testsuite> <!-- Default test -->
